<?xml version="1.0" encoding="UTF-8"?>
<testng-results ignored="0" total="1" passed="1" failed="0" skipped="0">
  <reporter-output>
    <line>
      <![CDATA[database is connected succesfuly]]>
    </line>
    <line>
      <![CDATA[browser launched]]>
    </line>
    <line>
      <![CDATA[log in]]>
    </line>
    <line>
      <![CDATA[log out]]>
    </line>
    <line>
      <![CDATA[browser close]]>
    </line>
    <line>
      <![CDATA[database is disconnected succesfuly]]>
    </line>
  </reporter-output>
  <suite started-at="2023-03-30T09:59:48 IST" name="Default suite" finished-at="2023-03-30T10:00:14 IST" duration-ms="25944">
    <groups>
    </groups>
    <test started-at="2023-03-30T09:59:48 IST" name="Default test" finished-at="2023-03-30T10:00:14 IST" duration-ms="25944">
      <class name="Com.Actitime.Testscript.Task_test">
        <test-method is-config="true" signature="databaseconnection()[pri:0, instance:Com.Actitime.Testscript.Task_test@49912c99]" started-at="2023-03-30T09:59:48 IST" name="databaseconnection" finished-at="2023-03-30T09:59:48 IST" duration-ms="28" status="PASS">
          <reporter-output>
            <line>
              <![CDATA[database is connected succesfuly]]>
            </line>
          </reporter-output>
        </test-method> <!-- databaseconnection -->
        <test-method is-config="true" signature="launchbrowser()[pri:0, instance:Com.Actitime.Testscript.Task_test@49912c99]" started-at="2023-03-30T09:59:48 IST" name="launchbrowser" finished-at="2023-03-30T10:00:06 IST" duration-ms="17243" status="PASS">
          <reporter-output>
            <line>
              <![CDATA[browser launched]]>
            </line>
          </reporter-output>
        </test-method> <!-- launchbrowser -->
        <test-method is-config="true" signature="login()[pri:0, instance:Com.Actitime.Testscript.Task_test@49912c99]" started-at="2023-03-30T10:00:06 IST" name="login" finished-at="2023-03-30T10:00:06 IST" duration-ms="524" status="PASS">
          <reporter-output>
            <line>
              <![CDATA[log in]]>
            </line>
          </reporter-output>
        </test-method> <!-- login -->
        <test-method signature="creatCustemer()[pri:0, instance:Com.Actitime.Testscript.Task_test@49912c99]" started-at="2023-03-30T10:00:06 IST" name="creatCustemer" finished-at="2023-03-30T10:00:06 IST" duration-ms="16" status="PASS">
          <reporter-output>
          </reporter-output>
        </test-method> <!-- creatCustemer -->
        <test-method is-config="true" signature="logout()[pri:0, instance:Com.Actitime.Testscript.Task_test@49912c99]" started-at="2023-03-30T10:00:06 IST" name="logout" finished-at="2023-03-30T10:00:14 IST" duration-ms="7890" status="PASS">
          <reporter-output>
            <line>
              <![CDATA[log out]]>
            </line>
          </reporter-output>
        </test-method> <!-- logout -->
        <test-method is-config="true" signature="closebrowser()[pri:0, instance:Com.Actitime.Testscript.Task_test@49912c99]" started-at="2023-03-30T10:00:14 IST" name="closebrowser" finished-at="2023-03-30T10:00:14 IST" duration-ms="184" status="PASS">
          <reporter-output>
            <line>
              <![CDATA[browser close]]>
            </line>
          </reporter-output>
        </test-method> <!-- closebrowser -->
        <test-method is-config="true" signature="databasedisconnection()[pri:0, instance:Com.Actitime.Testscript.Task_test@49912c99]" started-at="2023-03-30T10:00:15 IST" name="databasedisconnection" finished-at="2023-03-30T10:00:15 IST" duration-ms="0" status="PASS">
          <reporter-output>
            <line>
              <![CDATA[database is disconnected succesfuly]]>
            </line>
          </reporter-output>
        </test-method> <!-- databasedisconnection -->
      </class> <!-- Com.Actitime.Testscript.Task_test -->
    </test> <!-- Default test -->
  </suite> <!-- Default suite -->
</testng-results>
